Error in <TGClient::TGClient>: can't open display "localhost:15.0", switching to batch mode...
 In case you run from a remote ssh session, reconnect with ssh -Y
Info in <TUnixSystem::ACLiC>: creating shared library /scratch/condor/dir_2646/./RooStepBernstein_cxx.so
In file included from /hpc/software/tier3/osg/slc5_amd64_gcc472/lcg/root/5.34.03-cms4/include/G__ci.h:463:0,
                 from /scratch/condor/dir_2646/RooStepBernstein_cxx_ACLiC_dict.h:18,
                 from /scratch/condor/dir_2646/RooStepBernstein_cxx_ACLiC_dict.cxx:17:
/usr/lib/x86_64-redhat-linux5E/include/signal.h:261:46: warning: 'int sigaction(int, const sigaction*, sigaction*)' hides constructor for 'struct sigaction' [-Wshadow]
/usr/lib/x86_64-redhat-linux5E/include/signal.h:329:29: warning: 'int sigvec(int, const sigvec*, sigvec*)' hides constructor for 'struct sigvec' [-Wshadow]
In file included from /hpc/software/tier3/osg/slc5_amd64_gcc472/lcg/root/5.34.03-cms4/include/G__ci.h:463:0,
                 from /scratch/condor/dir_2646/RooStepBernstein_cxx_ACLiC_dict.h:18,
                 from /scratch/condor/dir_2646/RooStepBernstein_cxx_ACLiC_dict.cxx:17:
/usr/lib/x86_64-redhat-linux5E/include/signal.h:358:14: warning: 'int sigstack(sigstack*, sigstack*)' hides constructor for 'struct sigstack' [-Wshadow]
/usr/lib/x86_64-redhat-linux5E/include/signal.h:363:42: warning: 'int sigaltstack(const sigaltstack*, sigaltstack*)' hides constructor for 'struct sigaltstack' [-Wshadow]
In file included from /usr/lib/x86_64-redhat-linux5E/include/fcntl.h:38:0,
                 from /hpc/software/tier3/osg/slc5_amd64_gcc472/lcg/root/5.34.03-cms4/include/G__ci.h:469,
                 from /scratch/condor/dir_2646/RooStepBernstein_cxx_ACLiC_dict.h:18,
                 from /scratch/condor/dir_2646/RooStepBernstein_cxx_ACLiC_dict.cxx:17:
/usr/lib/x86_64-redhat-linux5E/include/sys/stat.h:208:43: warning: 'int stat(const char*, stat*)' hides constructor for 'struct stat' [-Wshadow]
/usr/lib/x86_64-redhat-linux5E/include/sys/stat.h:227:47: warning: 'int stat64(const char*, stat64*)' hides constructor for 'struct stat64' [-Wshadow]
Info in <TUnixSystem::ACLiC>: creating shared library /scratch/condor/dir_2646/./RooGaussStepBernstein_cxx.so
In file included from /hpc/software/tier3/osg/slc5_amd64_gcc472/lcg/root/5.34.03-cms4/include/G__ci.h:463:0,
                 from /scratch/condor/dir_2646/RooGaussStepBernstein_cxx_ACLiC_dict.h:18,
                 from /scratch/condor/dir_2646/RooGaussStepBernstein_cxx_ACLiC_dict.cxx:17:
/usr/lib/x86_64-redhat-linux5E/include/signal.h:261:46: warning: 'int sigaction(int, const sigaction*, sigaction*)' hides constructor for 'struct sigaction' [-Wshadow]
/usr/lib/x86_64-redhat-linux5E/include/signal.h:329:29: warning: 'int sigvec(int, const sigvec*, sigvec*)' hides constructor for 'struct sigvec' [-Wshadow]
In file included from /hpc/software/tier3/osg/slc5_amd64_gcc472/lcg/root/5.34.03-cms4/include/G__ci.h:463:0,
                 from /scratch/condor/dir_2646/RooGaussStepBernstein_cxx_ACLiC_dict.h:18,
                 from /scratch/condor/dir_2646/RooGaussStepBernstein_cxx_ACLiC_dict.cxx:17:
/usr/lib/x86_64-redhat-linux5E/include/signal.h:358:14: warning: 'int sigstack(sigstack*, sigstack*)' hides constructor for 'struct sigstack' [-Wshadow]
/usr/lib/x86_64-redhat-linux5E/include/signal.h:363:42: warning: 'int sigaltstack(const sigaltstack*, sigaltstack*)' hides constructor for 'struct sigaltstack' [-Wshadow]
In file included from /usr/lib/x86_64-redhat-linux5E/include/fcntl.h:38:0,
                 from /hpc/software/tier3/osg/slc5_amd64_gcc472/lcg/root/5.34.03-cms4/include/G__ci.h:469,
                 from /scratch/condor/dir_2646/RooGaussStepBernstein_cxx_ACLiC_dict.h:18,
                 from /scratch/condor/dir_2646/RooGaussStepBernstein_cxx_ACLiC_dict.cxx:17:
/usr/lib/x86_64-redhat-linux5E/include/sys/stat.h:208:43: warning: 'int stat(const char*, stat*)' hides constructor for 'struct stat' [-Wshadow]
/usr/lib/x86_64-redhat-linux5E/include/sys/stat.h:227:47: warning: 'int stat64(const char*, stat64*)' hides constructor for 'struct stat64' [-Wshadow]
In file included from /scratch/condor/dir_2646/RooGaussStepBernstein_cxx_ACLiC_dict.h:34:0,
                 from /scratch/condor/dir_2646/RooGaussStepBernstein_cxx_ACLiC_dict.cxx:17:
/scratch/condor/dir_2646/./RooGaussStepBernstein.cxx: In constructor 'RooGaussStepBernstein::RooGaussStepBernstein(const char*, const char*, RooAbsReal&, RooAbsReal&, RooAbsReal&, RooAbsReal&, const RooArgList&)':
/scratch/condor/dir_2646/./RooGaussStepBernstein.cxx:607:37: warning: declaration of 'sigma' shadows a member of 'this' [-Wshadow]
/scratch/condor/dir_2646/./RooGaussStepBernstein.cxx:607:37: warning: declaration of 'mean' shadows a member of 'this' [-Wshadow]
/scratch/condor/dir_2646/./RooGaussStepBernstein.cxx: At global scope:
/scratch/condor/dir_2646/./RooGaussStepBernstein.cxx:685:7: warning: unused parameter 'rangeName' [-Wunused-parameter]
Traceback (most recent call last):
  File "/scratch/condor/dir_2646/condor_exec.exe", line 8, in <module>
    import configLimits as cfl
ImportError: No module named configLimits
